0 info it worked if it ends with ok
1 verbose cli [ 'D:\\Work\\nodev4\\install\\node.exe',
1 verbose cli   'C:\\Users\\ouzz\\AppData\\Roaming\\npm\\node_modules\\npm\\bin\\npm-cli.js',
1 verbose cli   'start' ]
2 info using npm@3.10.8
3 info using node@v4.4.4
4 verbose run-script [ 'prestart', 'start', 'poststart' ]
5 info lifecycle express-es6-boilerplate@1.0.0~prestart: express-es6-boilerplate@1.0.0
6 silly lifecycle express-es6-boilerplate@1.0.0~prestart: no script for prestart, continuing
7 info lifecycle express-es6-boilerplate@1.0.0~start: express-es6-boilerplate@1.0.0
8 verbose lifecycle express-es6-boilerplate@1.0.0~start: unsafe-perm in lifecycle true
9 verbose lifecycle express-es6-boilerplate@1.0.0~start: PATH: C:\Users\ouzz\AppData\Roaming\npm\node_modules\npm\bin\node-gyp-bin;C:\Users\ouzz\Desktop\github\Emerge-Beacon\node_modules\.bin;C:\Program Files (x86)\Common Files\NetSarang;C:\ProgramData\Oracle\Java\javapath;C:\Windows\system32;C:\Windows;C:\Windows\System32\Wbem;C:\Windows\System32\WindowsPowerShell\v1.0\;C:\Program Files (x86)\NVIDIA Corporation\PhysX\Common;D:\Work\git\install\Git\cmd;C:\Program Files (x86)\Windows Kits\8.1\Windows Performance Toolkit\;C:\Windows\system32\config\systemprofile\.dnx\bin;C:\Program Files\Microsoft DNX\Dnvm\;C:\Program Files\Microsoft SQL Server\130\Tools\Binn\;D:\Work\mysql-5.6.16-winx64\bin;C:\Program Files (x86)\MySQL\MySQL Fabric 1.5 & MySQL Utilities 1.5\;C:\Program Files (x86)\MySQL\MySQL Fabric 1.5 & MySQL Utilities 1.5\Doctrine extensions for PHP\;D:\Work\nodev4\install\;C:\Users\ouzz\AppData\Local\atom\bin;D:\Work\python27\install;D:\Work\androidStudio\sdk\platform-tools;C:\Program Files (x86)\Microsoft VS Code\bin;C:\Users\ouzz\AppData\Roaming\npm
10 verbose lifecycle express-es6-boilerplate@1.0.0~start: CWD: C:\Users\ouzz\Desktop\github\Emerge-Beacon
11 silly lifecycle express-es6-boilerplate@1.0.0~start: Args: [ '/d /s /c', 'babel-node src/app' ]
12 silly lifecycle express-es6-boilerplate@1.0.0~start: Returned: code: 3221225786  signal: null
13 info lifecycle express-es6-boilerplate@1.0.0~start: Failed to exec start script
14 verbose stack Error: express-es6-boilerplate@1.0.0 start: `babel-node src/app`
14 verbose stack Exit status 3221225786
14 verbose stack     at EventEmitter.<anonymous> (C:\Users\ouzz\AppData\Roaming\npm\node_modules\npm\lib\utils\lifecycle.js:255:16)
14 verbose stack     at emitTwo (events.js:87:13)
14 verbose stack     at EventEmitter.emit (events.js:172:7)
14 verbose stack     at ChildProcess.<anonymous> (C:\Users\ouzz\AppData\Roaming\npm\node_modules\npm\lib\utils\spawn.js:40:14)
14 verbose stack     at emitTwo (events.js:87:13)
14 verbose stack     at ChildProcess.emit (events.js:172:7)
14 verbose stack     at maybeClose (internal/child_process.js:827:16)
14 verbose stack     at Process.ChildProcess._handle.onexit (internal/child_process.js:211:5)
15 verbose pkgid express-es6-boilerplate@1.0.0
16 verbose cwd C:\Users\ouzz\Desktop\github\Emerge-Beacon
17 error Windows_NT 10.0.10586
18 error argv "D:\\Work\\nodev4\\install\\node.exe" "C:\\Users\\ouzz\\AppData\\Roaming\\npm\\node_modules\\npm\\bin\\npm-cli.js" "start"
19 error node v4.4.4
20 error npm  v3.10.8
21 error code ELIFECYCLE
22 error express-es6-boilerplate@1.0.0 start: `babel-node src/app`
22 error Exit status 3221225786
23 error Failed at the express-es6-boilerplate@1.0.0 start script 'babel-node src/app'.
23 error Make sure you have the latest version of node.js and npm installed.
23 error If you do, this is most likely a problem with the express-es6-boilerplate package,
23 error not with npm itself.
23 error Tell the author that this fails on your system:
23 error     babel-node src/app
23 error You can get information on how to open an issue for this project with:
23 error     npm bugs express-es6-boilerplate
23 error Or if that isn't available, you can get their info via:
23 error     npm owner ls express-es6-boilerplate
23 error There is likely additional logging output above.
24 verbose exit [ 1, true ]
